<?xml version="1.0" encoding="UTF-8"?>
<!-- Generated by org.testng.reporters.JUnitReportReporter -->
<testsuite hostname="EPINBANW0730" failures="0" tests="1" name="AutomationAPI.RestAssured.addNewPlaceAPI" time="2.011" errors="0" timestamp="2024-06-24T16:13:56 IST" skipped="0">
  <testcase classname="AutomationAPI.RestAssured.addNewPlaceAPI" name="addNewPlace" time="2.011"/>
</testsuite> <!-- AutomationAPI.RestAssured.addNewPlaceAPI -->
