<?xml version="1.0" encoding="UTF-8"?>
<!-- Generated by org.testng.reporters.JUnitReportReporter -->
<testsuite hostname="EPINBANW0730" failures="0" tests="1" name="AutomationAPI.RestAssured.addNewPlaceAPI" time="4.659" errors="0" timestamp="2024-06-24T18:05:06 IST" skipped="0">
  <testcase classname="AutomationAPI.RestAssured.addNewPlaceAPI" name="addNewPlace" time="4.659"/>
</testsuite> <!-- AutomationAPI.RestAssured.addNewPlaceAPI -->
