<?xml version="1.0" encoding="UTF-8"?>
<!-- Generated by org.testng.reporters.JUnitReportReporter -->
<testsuite hostname="EPINBANW0730" failures="0" tests="3" name="AutomationAPI.RestAssured.DynamicJson" time="4.352" errors="0" timestamp="2024-06-24T16:13:56 IST" skipped="0">
  <testcase classname="AutomationAPI.RestAssured.DynamicJson" name="addBook" time="0.220"/>
  <testcase classname="AutomationAPI.RestAssured.DynamicJson" name="addBook" time="3.940"/>
  <testcase classname="AutomationAPI.RestAssured.DynamicJson" name="addBook" time="0.192"/>
</testsuite> <!-- AutomationAPI.RestAssured.DynamicJson -->
